{"/home/andyo/second/src/utils.js": {"path":"/home/andyo/second/src/utils.js","statementMap":{"0":{"start":{"line":6,"column":16},"end":{"line":33,"column":1}},"1":{"start":{"line":7,"column":21},"end":{"line":7,"column":26}},"2":{"start":{"line":8,"column":24},"end":{"line":8,"column":55}},"3":{"start":{"line":9,"column":24},"end":{"line":9,"column":55}},"4":{"start":{"line":10,"column":22},"end":{"line":10,"column":58}},"5":{"start":{"line":11,"column":22},"end":{"line":11,"column":58}},"6":{"start":{"line":12,"column":18},"end":{"line":12,"column":41}},"7":{"start":{"line":13,"column":18},"end":{"line":13,"column":41}},"8":{"start":{"line":14,"column":18},"end":{"line":14,"column":69}},"9":{"start":{"line":15,"column":21},"end":{"line":15,"column":38}},"10":{"start":{"line":17,"column":17},"end":{"line":30,"column":8}},"11":{"start":{"line":18,"column":4},"end":{"line":20,"column":5}},"12":{"start":{"line":19,"column":6},"end":{"line":19,"column":50}},"13":{"start":{"line":21,"column":4},"end":{"line":23,"column":5}},"14":{"start":{"line":22,"column":6},"end":{"line":22,"column":50}},"15":{"start":{"line":24,"column":4},"end":{"line":28,"column":5}},"16":{"start":{"line":25,"column":6},"end":{"line":27,"column":7}},"17":{"start":{"line":26,"column":8},"end":{"line":26,"column":80}},"18":{"start":{"line":29,"column":4},"end":{"line":29,"column":48}},"19":{"start":{"line":32,"column":2},"end":{"line":32,"column":25}}},"fnMap":{"0":{"name":"(anonymous_0)","decl":{"start":{"line":6,"column":16},"end":{"line":6,"column":17}},"loc":{"start":{"line":6,"column":34},"end":{"line":33,"column":1}},"line":6},"1":{"name":"(anonymous_1)","decl":{"start":{"line":17,"column":35},"end":{"line":17,"column":36}},"loc":{"start":{"line":17,"column":49},"end":{"line":30,"column":3}},"line":17}},"branchMap":{"0":{"loc":{"start":{"line":18,"column":4},"end":{"line":20,"column":5}},"type":"if","locations":[{"start":{"line":18,"column":4},"end":{"line":20,"column":5}},{"start":{},"end":{}}],"line":18},"1":{"loc":{"start":{"line":18,"column":8},"end":{"line":18,"column":67}},"type":"binary-expr","locations":[{"start":{"line":18,"column":8},"end":{"line":18,"column":35}},{"start":{"line":18,"column":39},"end":{"line":18,"column":67}}],"line":18},"2":{"loc":{"start":{"line":21,"column":4},"end":{"line":23,"column":5}},"type":"if","locations":[{"start":{"line":21,"column":4},"end":{"line":23,"column":5}},{"start":{},"end":{}}],"line":21},"3":{"loc":{"start":{"line":21,"column":8},"end":{"line":21,"column":67}},"type":"binary-expr","locations":[{"start":{"line":21,"column":8},"end":{"line":21,"column":35}},{"start":{"line":21,"column":39},"end":{"line":21,"column":67}}],"line":21},"4":{"loc":{"start":{"line":24,"column":4},"end":{"line":28,"column":5}},"type":"if","locations":[{"start":{"line":24,"column":4},"end":{"line":28,"column":5}},{"start":{},"end":{}}],"line":24},"5":{"loc":{"start":{"line":24,"column":8},"end":{"line":24,"column":66}},"type":"binary-expr","locations":[{"start":{"line":24,"column":8},"end":{"line":24,"column":35}},{"start":{"line":24,"column":39},"end":{"line":24,"column":66}}],"line":24},"6":{"loc":{"start":{"line":25,"column":6},"end":{"line":27,"column":7}},"type":"if","locations":[{"start":{"line":25,"column":6},"end":{"line":27,"column":7}},{"start":{},"end":{}}],"line":25}},"s":{"0":1,"1":1,"2":1,"3":1,"4":1,"5":1,"6":1,"7":1,"8":1,"9":1,"10":1,"11":5,"12":2,"13":3,"14":1,"15":2,"16":2,"17":1,"18":1,"19":1},"f":{"0":1,"1":5},"b":{"0":[2,3],"1":[5,4],"2":[1,2],"3":[3,3],"4":[2,0],"5":[2,2],"6":[1,1]},"_coverageSchema":"1a1c01bbd47fc00a2c39e90264f33305004495a9","hash":"e3d2d237e1dce549e4206368531335648665ff43"}
}
