TN:
SF:src/utils.js
FN:6,(anonymous_0)
FN:17,(anonymous_1)
FNF:2
FNH:2
FNDA:1,(anonymous_0)
FNDA:5,(anonymous_1)
DA:6,1
DA:7,1
DA:8,1
DA:9,1
DA:10,1
DA:11,1
DA:12,1
DA:13,1
DA:14,1
DA:15,1
DA:17,1
DA:18,5
DA:19,2
DA:21,3
DA:22,1
DA:24,2
DA:25,2
DA:26,1
DA:29,1
DA:32,1
LF:20
LH:20
BRDA:18,0,0,2
BRDA:18,0,1,3
BRDA:18,1,0,5
BRDA:18,1,1,4
BRDA:21,2,0,1
BRDA:21,2,1,2
BRDA:21,3,0,3
BRDA:21,3,1,3
BRDA:24,4,0,2
BRDA:24,4,1,0
BRDA:24,5,0,2
BRDA:24,5,1,2
BRDA:25,6,0,1
BRDA:25,6,1,1
BRF:14
BRH:13
end_of_record
